<?xml version="1.0" encoding="UTF-8"?>
<!-- Generated by org.testng.reporters.JUnitReportReporter -->
<testsuite hostname="LAPTOP-STU4A0JD" failures="0" tests="2" name="restassuredscripts.Script002GetMethod" time="6.133" errors="0" timestamp="2023-12-19T14:58:47 IST" skipped="1">
  <testcase classname="restassuredscripts.Script002GetMethod" name="GetMethodBDDStyle" time="6.133"/>
  <system-out/>
  <testcase classname="restassuredscripts.Script002GetMethod" name="httpGetMethod">
    <skipped/>
  </testcase> <!-- httpGetMethod -->
  <system-out/>
</testsuite> <!-- restassuredscripts.Script002GetMethod -->
