<?xml version="1.0" encoding="UTF-8"?>
<!-- Generated by org.testng.reporters.JUnitReportReporter -->
<testsuite hostname="LAPTOP-STU4A0JD" failures="0" tests="1" name="restassuredscripts.Script02GetMethod" time="4.510" errors="0" timestamp="2023-12-19T16:11:34 IST" skipped="0">
  <testcase classname="restassuredscripts.Script02GetMethod" name="httpGetMethod" time="4.510"/>
  <system-out/>
</testsuite> <!-- restassuredscripts.Script02GetMethod -->
