<?xml version="1.0" encoding="UTF-8"?>
<!-- Generated by org.testng.reporters.JUnitReportReporter -->
<testsuite hostname="LAPTOP-STU4A0JD" failures="0" tests="1" name="restassuredscripts.Script001SetupCheck" time="2.219" errors="0" timestamp="2023-12-19T11:50:31 IST" skipped="0">
  <testcase classname="restassuredscripts.Script001SetupCheck" name="setupCheck" time="2.219"/>
  <system-out/>
</testsuite> <!-- restassuredscripts.Script001SetupCheck -->
